2024-11-12 17:38:33,784 - INFO - Server started, log file: ./logs/2024-11-12_17-38-33.log
2024-11-12 17:38:33,807 - INFO - [31m[1mWARNING: This is a development server. Do not use it in a production deployment. Use a production WSGI server instead.[0m
 * Running on all addresses (0.0.0.0)
 * Running on http://127.0.0.1:8000
 * Running on http://192.168.31.190:8000
2024-11-12 17:38:33,807 - INFO - [33mPress CTRL+C to quit[0m
2024-11-12 17:38:38,464 - INFO - Login page accessed
2024-11-12 17:38:38,467 - ERROR - An error occurred: <!DOCTYPE html>
<html lang="en">
<head>
    <meta charset="UTF-8">
    <meta content="IE=edge" http-equiv="X-UA-Compatible">
    <meta content="width=device-width, initial-scale=1.0" name="viewport">

    <link rel="stylesheet" href="/static/LoginPage.css">

    <link rel="icon" href="{{ url_for('static', filename='icon.png') }}" type="image/x-icon">

    <title>Heatseekers - Login</title>
</head>
<body>
<div class="stripe"><p>Welcome to HeatSeekers</p></div>

<h1>Login to HeatSeekers!</h1>

<form action="/view" method="Post">
    <section id="LoginField">
        <div class="loginItem">
            <label for="email"></label>
            <input id="email" name="email" required type="text">
            <span>Email</span>
        </div>

        <div class="loginItem">
            <label for="password"></label>
            <input id="password" name="password" required type="password">
            <span>Password</span>
        </div>

        <button type="submit"
                class="submitButton">
            Login
        </button>
    </section>
</form>

</body>
</html>
2024-11-12 17:38:38,474 - INFO - 192.168.31.190 - - [12/Nov/2024 17:38:38] "[32mGET / HTTP/1.1[0m" 302 -
2024-11-12 17:38:38,484 - INFO - Error page accessed
2024-11-12 17:38:38,493 - INFO - 192.168.31.190 - - [12/Nov/2024 17:38:38] "GET /error HTTP/1.1" 200 -
2024-11-12 17:38:38,627 - INFO - 192.168.31.190 - - [12/Nov/2024 17:38:38] "GET /static/ErrorPage.css HTTP/1.1" 200 -
