2024-11-05 16:24:04,059 - INFO - Server started, log file: ./logs/2024-11-05_16-24-04.log
2024-11-05 16:24:04,065 - INFO - [31m[1mWARNING: This is a development server. Do not use it in a production deployment. Use a production WSGI server instead.[0m
 * Running on all addresses (0.0.0.0)
 * Running on http://127.0.0.1:8000
 * Running on http://10.0.76.44:8000
2024-11-05 16:24:04,065 - INFO - [33mPress CTRL+C to quit[0m
2024-11-05 16:24:07,625 - INFO - Login page accessed
2024-11-05 16:24:07,629 - INFO - 10.0.76.44 - - [05/Nov/2024 16:24:07] "GET / HTTP/1.1" 200 -
2024-11-05 16:24:07,687 - INFO - 10.0.76.44 - - [05/Nov/2024 16:24:07] "[36mGET /static/LoginPage.css HTTP/1.1[0m" 304 -
2024-11-05 16:24:07,761 - INFO - 10.0.76.44 - - [05/Nov/2024 16:24:07] "[36mGET /static/icon.png HTTP/1.1[0m" 304 -
2024-11-05 16:24:09,905 - INFO - View page accessed
2024-11-05 16:24:09,907 - INFO - 10.0.76.44 - - [05/Nov/2024 16:24:09] "POST /view HTTP/1.1" 200 -
2024-11-05 16:24:09,955 - INFO - 10.0.76.44 - - [05/Nov/2024 16:24:09] "[36mGET /static/MainPage.css HTTP/1.1[0m" 304 -
2024-11-05 16:24:09,961 - INFO - Video feed accessed
2024-11-05 16:24:09,963 - INFO - 10.0.76.44 - - [05/Nov/2024 16:24:09] "[36mGET /static/MainPage.js HTTP/1.1[0m" 304 -
2024-11-05 16:24:10,321 - INFO - 10.0.76.44 - - [05/Nov/2024 16:24:10] "GET /video_feed HTTP/1.1" 200 -
2024-11-05 16:24:10,356 - ERROR - Exception on /favicon.ico [GET]
Traceback (most recent call last):
  File "/home/weidi/Desktop/4BI/ITPÜ/Heatseekers/PyCharm/.venv/lib/python3.12/site-packages/flask/app.py", line 880, in full_dispatch_request
    rv = self.dispatch_request()
         ^^^^^^^^^^^^^^^^^^^^^^^
  File "/home/weidi/Desktop/4BI/ITPÜ/Heatseekers/PyCharm/.venv/lib/python3.12/site-packages/flask/app.py", line 854, in dispatch_request
    self.raise_routing_exception(req)
  File "/home/weidi/Desktop/4BI/ITPÜ/Heatseekers/PyCharm/.venv/lib/python3.12/site-packages/flask/app.py", line 463, in raise_routing_exception
    raise request.routing_exception  # type: ignore[misc]
    ^^^^^^^^^^^^^^^^^^^^^^^^^^^^^^^
  File "/home/weidi/Desktop/4BI/ITPÜ/Heatseekers/PyCharm/.venv/lib/python3.12/site-packages/flask/ctx.py", line 362, in match_request
    result = self.url_adapter.match(return_rule=True)  # type: ignore
             ^^^^^^^^^^^^^^^^^^^^^^^^^^^^^^^^^^^^^^^^
  File "/home/weidi/Desktop/4BI/ITPÜ/Heatseekers/PyCharm/.venv/lib/python3.12/site-packages/werkzeug/routing/map.py", line 629, in match
    raise NotFound() from None
werkzeug.exceptions.NotFound: 404 Not Found: The requested URL was not found on the server. If you entered the URL manually please check your spelling and try again.

During handling of the above exception, another exception occurred:

Traceback (most recent call last):
  File "/home/weidi/Desktop/4BI/ITPÜ/Heatseekers/PyCharm/.venv/lib/python3.12/site-packages/flask/app.py", line 1473, in wsgi_app
    response = self.full_dispatch_request()
               ^^^^^^^^^^^^^^^^^^^^^^^^^^^^
  File "/home/weidi/Desktop/4BI/ITPÜ/Heatseekers/PyCharm/.venv/lib/python3.12/site-packages/flask/app.py", line 882, in full_dispatch_request
    rv = self.handle_user_exception(e)
         ^^^^^^^^^^^^^^^^^^^^^^^^^^^^^
  File "/home/weidi/Desktop/4BI/ITPÜ/Heatseekers/PyCharm/.venv/lib/python3.12/site-packages/flask/app.py", line 765, in handle_user_exception
    return self.handle_http_exception(e)
           ^^^^^^^^^^^^^^^^^^^^^^^^^^^^^
  File "/home/weidi/Desktop/4BI/ITPÜ/Heatseekers/PyCharm/.venv/lib/python3.12/site-packages/flask/app.py", line 740, in handle_http_exception
    return self.ensure_sync(handler)(e)  # type: ignore[no-any-return]
           ^^^^^^^^^^^^^^^^^^^^^^^^^^^^
TypeError: errorhandler() takes 0 positional arguments but 1 was given
2024-11-05 16:24:10,362 - INFO - 10.0.76.44 - - [05/Nov/2024 16:24:10] "[35m[1mGET /favicon.ico HTTP/1.1[0m" 500 -
2024-11-05 16:24:10,380 - ERROR - Error on request:
Traceback (most recent call last):
  File "/home/weidi/Desktop/4BI/ITPÜ/Heatseekers/PyCharm/.venv/lib/python3.12/site-packages/flask/app.py", line 880, in full_dispatch_request
    rv = self.dispatch_request()
         ^^^^^^^^^^^^^^^^^^^^^^^
  File "/home/weidi/Desktop/4BI/ITPÜ/Heatseekers/PyCharm/.venv/lib/python3.12/site-packages/flask/app.py", line 854, in dispatch_request
    self.raise_routing_exception(req)
  File "/home/weidi/Desktop/4BI/ITPÜ/Heatseekers/PyCharm/.venv/lib/python3.12/site-packages/flask/app.py", line 463, in raise_routing_exception
    raise request.routing_exception  # type: ignore[misc]
  File "/home/weidi/Desktop/4BI/ITPÜ/Heatseekers/PyCharm/.venv/lib/python3.12/site-packages/flask/ctx.py", line 362, in match_request
    result = self.url_adapter.match(return_rule=True)  # type: ignore
             ^^^^^^^^^^^^^^^^^^^^^^^^^^^^^^^^^^^^^^^^^^^^^^^^^^^^^^^^
  File "/home/weidi/Desktop/4BI/ITPÜ/Heatseekers/PyCharm/.venv/lib/python3.12/site-packages/werkzeug/routing/map.py", line 629, in match
    raise NotFound() from None
werkzeug.exceptions.NotFound: 404 Not Found: The requested URL was not found on the server. If you entered the URL manually please check your spelling and try again.

During handling of the above exception, another exception occurred:

Traceback (most recent call last):
  File "/home/weidi/Desktop/4BI/ITPÜ/Heatseekers/PyCharm/.venv/lib/python3.12/site-packages/flask/app.py", line 1473, in wsgi_app
    response = self.full_dispatch_request()
               ^^^^^^^^^^^^^^^^^^^^^^^^^^^^
  File "/home/weidi/Desktop/4BI/ITPÜ/Heatseekers/PyCharm/.venv/lib/python3.12/site-packages/flask/app.py", line 882, in full_dispatch_request
    rv = self.handle_user_exception(e)
         ^^^^^^^^^^^^^^^^^^^^^^^^^^^^^
  File "/home/weidi/Desktop/4BI/ITPÜ/Heatseekers/PyCharm/.venv/lib/python3.12/site-packages/flask/app.py", line 765, in handle_user_exception
    return self.handle_http_exception(e)
           ^^^^^^^^^^^^^^^^^^^^^^^^^^^^^
  File "/home/weidi/Desktop/4BI/ITPÜ/Heatseekers/PyCharm/.venv/lib/python3.12/site-packages/flask/app.py", line 740, in handle_http_exception
    return self.ensure_sync(handler)(e)  # type: ignore[no-any-return]
           ^^^^^^^^^^^^^^^^^^^^^^^^^^^^^^^^^^^^^^^^^^^^^^^^^^^^^^^^^^^
TypeError: errorhandler() takes 0 positional arguments but 1 was given

During handling of the above exception, another exception occurred:

Traceback (most recent call last):
  File "/home/weidi/Desktop/4BI/ITPÜ/Heatseekers/PyCharm/.venv/lib/python3.12/site-packages/werkzeug/serving.py", line 370, in run_wsgi
    execute(self.server.app)
  File "/home/weidi/Desktop/4BI/ITPÜ/Heatseekers/PyCharm/.venv/lib/python3.12/site-packages/werkzeug/serving.py", line 331, in execute
    application_iter = app(environ, start_response)
                       ^^^^^^^^^^^^^^^^^^^^^^^^^^^^
  File "/home/weidi/Desktop/4BI/ITPÜ/Heatseekers/PyCharm/.venv/lib/python3.12/site-packages/flask/app.py", line 1498, in __call__
    return self.wsgi_app(environ, start_response)
           ^^^^^^^^^^^^^^^^^^^^^^^^^^^^^^^^^^^^^^
  File "/home/weidi/Desktop/4BI/ITPÜ/Heatseekers/PyCharm/.venv/lib/python3.12/site-packages/flask/app.py", line 1476, in wsgi_app
    response = self.handle_exception(e)
               ^^^^^^^^^^^^^^^^^^^^^^^^
  File "/home/weidi/Desktop/4BI/ITPÜ/Heatseekers/PyCharm/.venv/lib/python3.12/site-packages/flask/app.py", line 823, in handle_exception
    server_error = self.ensure_sync(handler)(server_error)
                   ^^^^^^^^^^^^^^^^^^^^^^^^^^^^^^^^^^^^^^^
TypeError: errorhandler() takes 0 positional arguments but 1 was given
2024-11-05 16:24:19,258 - INFO - View page accessed
2024-11-05 16:24:19,260 - INFO - 10.0.76.44 - - [05/Nov/2024 16:24:19] "POST /view HTTP/1.1" 200 -
2024-11-05 16:24:19,303 - INFO - 10.0.76.44 - - [05/Nov/2024 16:24:19] "[36mGET /static/MainPage.css HTTP/1.1[0m" 304 -
2024-11-05 16:24:19,304 - INFO - Video feed accessed
2024-11-05 16:24:19,306 - INFO - 10.0.76.44 - - [05/Nov/2024 16:24:19] "[36mGET /static/MainPage.js HTTP/1.1[0m" 304 -
2024-11-05 16:24:19,669 - INFO - 10.0.76.44 - - [05/Nov/2024 16:24:19] "GET /video_feed HTTP/1.1" 200 -
2024-11-05 16:24:19,712 - ERROR - Exception on /favicon.ico [GET]
Traceback (most recent call last):
  File "/home/weidi/Desktop/4BI/ITPÜ/Heatseekers/PyCharm/.venv/lib/python3.12/site-packages/flask/app.py", line 880, in full_dispatch_request
    rv = self.dispatch_request()
         ^^^^^^^^^^^^^^^^^^^^^^^
  File "/home/weidi/Desktop/4BI/ITPÜ/Heatseekers/PyCharm/.venv/lib/python3.12/site-packages/flask/app.py", line 854, in dispatch_request
    self.raise_routing_exception(req)
  File "/home/weidi/Desktop/4BI/ITPÜ/Heatseekers/PyCharm/.venv/lib/python3.12/site-packages/flask/app.py", line 463, in raise_routing_exception
    raise request.routing_exception  # type: ignore[misc]
    ^^^^^^^^^^^^^^^^^^^^^^^^^^^^^^^
  File "/home/weidi/Desktop/4BI/ITPÜ/Heatseekers/PyCharm/.venv/lib/python3.12/site-packages/flask/ctx.py", line 362, in match_request
    result = self.url_adapter.match(return_rule=True)  # type: ignore
             ^^^^^^^^^^^^^^^^^^^^^^^^^^^^^^^^^^^^^^^^
  File "/home/weidi/Desktop/4BI/ITPÜ/Heatseekers/PyCharm/.venv/lib/python3.12/site-packages/werkzeug/routing/map.py", line 629, in match
    raise NotFound() from None
werkzeug.exceptions.NotFound: 404 Not Found: The requested URL was not found on the server. If you entered the URL manually please check your spelling and try again.

During handling of the above exception, another exception occurred:

Traceback (most recent call last):
  File "/home/weidi/Desktop/4BI/ITPÜ/Heatseekers/PyCharm/.venv/lib/python3.12/site-packages/flask/app.py", line 1473, in wsgi_app
    response = self.full_dispatch_request()
               ^^^^^^^^^^^^^^^^^^^^^^^^^^^^
  File "/home/weidi/Desktop/4BI/ITPÜ/Heatseekers/PyCharm/.venv/lib/python3.12/site-packages/flask/app.py", line 882, in full_dispatch_request
    rv = self.handle_user_exception(e)
         ^^^^^^^^^^^^^^^^^^^^^^^^^^^^^
  File "/home/weidi/Desktop/4BI/ITPÜ/Heatseekers/PyCharm/.venv/lib/python3.12/site-packages/flask/app.py", line 765, in handle_user_exception
    return self.handle_http_exception(e)
           ^^^^^^^^^^^^^^^^^^^^^^^^^^^^^
  File "/home/weidi/Desktop/4BI/ITPÜ/Heatseekers/PyCharm/.venv/lib/python3.12/site-packages/flask/app.py", line 740, in handle_http_exception
    return self.ensure_sync(handler)(e)  # type: ignore[no-any-return]
           ^^^^^^^^^^^^^^^^^^^^^^^^^^^^
TypeError: errorhandler() takes 0 positional arguments but 1 was given
2024-11-05 16:24:19,713 - INFO - 10.0.76.44 - - [05/Nov/2024 16:24:19] "[35m[1mGET /favicon.ico HTTP/1.1[0m" 500 -
2024-11-05 16:24:19,718 - ERROR - Error on request:
Traceback (most recent call last):
  File "/home/weidi/Desktop/4BI/ITPÜ/Heatseekers/PyCharm/.venv/lib/python3.12/site-packages/flask/app.py", line 880, in full_dispatch_request
    rv = self.dispatch_request()
         ^^^^^^^^^^^^^^^^^^^^^^^
  File "/home/weidi/Desktop/4BI/ITPÜ/Heatseekers/PyCharm/.venv/lib/python3.12/site-packages/flask/app.py", line 854, in dispatch_request
    self.raise_routing_exception(req)
  File "/home/weidi/Desktop/4BI/ITPÜ/Heatseekers/PyCharm/.venv/lib/python3.12/site-packages/flask/app.py", line 463, in raise_routing_exception
    raise request.routing_exception  # type: ignore[misc]
  File "/home/weidi/Desktop/4BI/ITPÜ/Heatseekers/PyCharm/.venv/lib/python3.12/site-packages/flask/ctx.py", line 362, in match_request
    result = self.url_adapter.match(return_rule=True)  # type: ignore
             ^^^^^^^^^^^^^^^^^^^^^^^^^^^^^^^^^^^^^^^^^^^^^^^^^^^^^^^^
  File "/home/weidi/Desktop/4BI/ITPÜ/Heatseekers/PyCharm/.venv/lib/python3.12/site-packages/werkzeug/routing/map.py", line 629, in match
    raise NotFound() from None
werkzeug.exceptions.NotFound: 404 Not Found: The requested URL was not found on the server. If you entered the URL manually please check your spelling and try again.

During handling of the above exception, another exception occurred:

Traceback (most recent call last):
  File "/home/weidi/Desktop/4BI/ITPÜ/Heatseekers/PyCharm/.venv/lib/python3.12/site-packages/flask/app.py", line 1473, in wsgi_app
    response = self.full_dispatch_request()
               ^^^^^^^^^^^^^^^^^^^^^^^^^^^^
  File "/home/weidi/Desktop/4BI/ITPÜ/Heatseekers/PyCharm/.venv/lib/python3.12/site-packages/flask/app.py", line 882, in full_dispatch_request
    rv = self.handle_user_exception(e)
         ^^^^^^^^^^^^^^^^^^^^^^^^^^^^^
  File "/home/weidi/Desktop/4BI/ITPÜ/Heatseekers/PyCharm/.venv/lib/python3.12/site-packages/flask/app.py", line 765, in handle_user_exception
    return self.handle_http_exception(e)
           ^^^^^^^^^^^^^^^^^^^^^^^^^^^^^
  File "/home/weidi/Desktop/4BI/ITPÜ/Heatseekers/PyCharm/.venv/lib/python3.12/site-packages/flask/app.py", line 740, in handle_http_exception
    return self.ensure_sync(handler)(e)  # type: ignore[no-any-return]
           ^^^^^^^^^^^^^^^^^^^^^^^^^^^^^^^^^^^^^^^^^^^^^^^^^^^^^^^^^^^
TypeError: errorhandler() takes 0 positional arguments but 1 was given

During handling of the above exception, another exception occurred:

Traceback (most recent call last):
  File "/home/weidi/Desktop/4BI/ITPÜ/Heatseekers/PyCharm/.venv/lib/python3.12/site-packages/werkzeug/serving.py", line 370, in run_wsgi
    execute(self.server.app)
  File "/home/weidi/Desktop/4BI/ITPÜ/Heatseekers/PyCharm/.venv/lib/python3.12/site-packages/werkzeug/serving.py", line 331, in execute
    application_iter = app(environ, start_response)
                       ^^^^^^^^^^^^^^^^^^^^^^^^^^^^
  File "/home/weidi/Desktop/4BI/ITPÜ/Heatseekers/PyCharm/.venv/lib/python3.12/site-packages/flask/app.py", line 1498, in __call__
    return self.wsgi_app(environ, start_response)
           ^^^^^^^^^^^^^^^^^^^^^^^^^^^^^^^^^^^^^^
  File "/home/weidi/Desktop/4BI/ITPÜ/Heatseekers/PyCharm/.venv/lib/python3.12/site-packages/flask/app.py", line 1476, in wsgi_app
    response = self.handle_exception(e)
               ^^^^^^^^^^^^^^^^^^^^^^^^
  File "/home/weidi/Desktop/4BI/ITPÜ/Heatseekers/PyCharm/.venv/lib/python3.12/site-packages/flask/app.py", line 823, in handle_exception
    server_error = self.ensure_sync(handler)(server_error)
                   ^^^^^^^^^^^^^^^^^^^^^^^^^^^^^^^^^^^^^^^
TypeError: errorhandler() takes 0 positional arguments but 1 was given
